COVIDTRACKER/app/build/intermediates/manifest_merge_blame_file/debug/manifest-merger-blame-debug-report.txt
1<?xml version="1.0" encoding="utf-8"?>
2<manifest xmlns:android="http://schemas.android.com/apk/res/android"
3    package="com.covidtracker"
4    android:versionCode="1"
5    android:versionName="1.0" >
6
7    <uses-sdk
8        android:minSdkVersion="23"
8-->src\main\AndroidManifest.xml
9        android:targetSdkVersion="30" />
9-->src\main\AndroidManifest.xml
10
11    <uses-permission android:name="android.permission.INTERNET" />
11-->src\main\AndroidManifest.xml:6:5-67
11-->src\main\AndroidManifest.xml:6:22-64
12    <uses-permission android:name="android.permission.WRITE_EXTERNAL_STORAGE" />
12-->src\main\AndroidManifest.xml:7:5-81
12-->src\main\AndroidManifest.xml:7:22-78
13
14    <application
14-->src\main\AndroidManifest.xml:10:5-41:19
15        android:allowBackup="true"
15-->src\main\AndroidManifest.xml:11:9-35
16        android:appComponentFactory="androidx.core.app.CoreComponentFactory"
16-->[androidx.core:core:1.3.0] AndroidManifest.xml:24:18-86
17        android:debuggable="true"
18        android:extractNativeLibs="false"
19        android:icon="@mipmap/ic_launcher"
19-->src\main\AndroidManifest.xml:12:9-43
20        android:label="@string/app_name"
20-->src\main\AndroidManifest.xml:13:9-41
21        android:roundIcon="@mipmap/ic_launcher_round"
21-->src\main\AndroidManifest.xml:14:9-54
22        android:supportsRtl="true"
22-->src\main\AndroidManifest.xml:15:9-35
23        android:testOnly="true"
24        android:theme="@style/AppTheme"
24-->src\main\AndroidManifest.xml:16:9-40
25        android:usesCleartextTraffic="true" >
25-->src\main\AndroidManifest.xml:17:9-44
26        <activity
26-->src\main\AndroidManifest.xml:18:9-26:20
27            android:name="com.covidtracker.HomeActivity"
27-->src\main\AndroidManifest.xml:18:19-63
28            android:label="@string/app_name"
28-->src\main\AndroidManifest.xml:19:13-45
29            android:screenOrientation="sensor" >
29-->src\main\AndroidManifest.xml:20:13-47
30            <intent-filter>
30-->src\main\AndroidManifest.xml:22:13-25:29
31                <action android:name="android.intent.action.MAIN" />
31-->src\main\AndroidManifest.xml:23:17-69
31-->src\main\AndroidManifest.xml:23:25-66
32
33                <category android:name="android.intent.category.LAUNCHER" />
33-->src\main\AndroidManifest.xml:24:17-77
33-->src\main\AndroidManifest.xml:24:27-74
34            </intent-filter>
35        </activity>
36        <activity
36-->src\main\AndroidManifest.xml:27:9-30:49
37            android:name="com.covidtracker.SettingsActivity"
37-->src\main\AndroidManifest.xml:28:13-61
38            android:label="@string/title_activity_settings"
38-->src\main\AndroidManifest.xml:29:13-60
39            android:screenOrientation="sensor" />
39-->src\main\AndroidManifest.xml:30:13-47
40        <activity
40-->src\main\AndroidManifest.xml:31:9-37:20
41            android:name="com.covidtracker.MainActivity"
41-->src\main\AndroidManifest.xml:32:13-57
42            android:configChanges="orientation|keyboardHidden"
42-->src\main\AndroidManifest.xml:33:13-63
43            android:label="@string/app_name"
43-->src\main\AndroidManifest.xml:34:13-45
44            android:screenOrientation="sensor"
44-->src\main\AndroidManifest.xml:35:13-47
45            android:theme="@style/AppTheme.NoActionBar" >
45-->src\main\AndroidManifest.xml:36:13-56
46        </activity>
47
48        <meta-data
48-->src\main\AndroidManifest.xml:38:9-40:57
49            android:name="preloaded_fonts"
49-->src\main\AndroidManifest.xml:39:13-43
50            android:resource="@array/preloaded_fonts" />
50-->src\main\AndroidManifest.xml:40:13-54
51
52        <provider
52-->[com.squareup.picasso:picasso:2.71828] AndroidManifest.xml:8:9-11:40
53            android:name="com.squareup.picasso.PicassoProvider"
53-->[com.squareup.picasso:picasso:2.71828] AndroidManifest.xml:9:13-64
54            android:authorities="com.covidtracker.com.squareup.picasso"
54-->[com.squareup.picasso:picasso:2.71828] AndroidManifest.xml:10:13-72
55            android:exported="false" />
55-->[com.squareup.picasso:picasso:2.71828] AndroidManifest.xml:11:13-37
56        <provider
56-->[androidx.lifecycle:lifecycle-process:2.0.0] AndroidManifest.xml:23:9-27:43
57            android:name="androidx.lifecycle.ProcessLifecycleOwnerInitializer"
57-->[androidx.lifecycle:lifecycle-process:2.0.0] AndroidManifest.xml:24:13-79
58            android:authorities="com.covidtracker.lifecycle-process"
58-->[androidx.lifecycle:lifecycle-process:2.0.0] AndroidManifest.xml:25:13-69
59            android:exported="false"
59-->[androidx.lifecycle:lifecycle-process:2.0.0] AndroidManifest.xml:26:13-37
60            android:multiprocess="true" />
60-->[androidx.lifecycle:lifecycle-process:2.0.0] AndroidManifest.xml:27:13-40
61    </application>
62
63</manifest>